[0.108s] DEBUG:colcon:Command line arguments: ['/usr/bin/colcon', 'build', '--packages-select', 'LessonA']
[0.108s] DEBUG:colcon:Parsed command line arguments: Namespace(log_base=None, log_level=None, verb_name='build', build_base='build', install_base='install', merge_install=False, symlink_install=False, test_result_base=None, continue_on_error=False, executor='parallel', parallel_workers=12, event_handlers=None, ignore_user_meta=False, metas=['./colcon.meta'], base_paths=['.'], packages_ignore=None, packages_ignore_regex=None, paths=None, packages_up_to=None, packages_up_to_regex=None, packages_above=None, packages_above_and_dependencies=None, packages_above_depth=None, packages_select_by_dep=None, packages_skip_by_dep=None, packages_skip_up_to=None, packages_select_build_failed=False, packages_skip_build_finished=False, packages_select_test_failures=False, packages_skip_test_passed=False, packages_select=['LessonA'], packages_skip=None, packages_select_regex=None, packages_skip_regex=None, packages_start=None, packages_end=None, allow_overriding=[], cmake_args=None, cmake_target=None, cmake_target_skip_unavailable=False, cmake_clean_cache=False, cmake_clean_first=False, cmake_force_configure=False, ament_cmake_args=None, catkin_cmake_args=None, catkin_skip_building_tests=False, verb_parser=<colcon_defaults.argument_parser.defaults.DefaultArgumentsDecorator object at 0x7a0ec5955a80>, verb_extension=<colcon_core.verb.build.BuildVerb object at 0x7a0ec5955480>, main=<bound method BuildVerb.main of <colcon_core.verb.build.BuildVerb object at 0x7a0ec5955480>>)
[0.302s] Level 1:colcon.colcon_core.package_discovery:discover_packages(colcon_meta) check parameters
[0.302s] Level 1:colcon.colcon_core.package_discovery:discover_packages(recursive) check parameters
[0.302s] Level 1:colcon.colcon_core.package_discovery:discover_packages(ignore) check parameters
[0.302s] Level 1:colcon.colcon_core.package_discovery:discover_packages(path) check parameters
[0.302s] Level 1:colcon.colcon_core.package_discovery:discover_packages(colcon_meta) discover
[0.302s] Level 1:colcon.colcon_core.package_discovery:discover_packages(recursive) discover
[0.302s] INFO:colcon.colcon_core.package_discovery:Crawling recursively for packages in '/home/arne/interval'
[0.302s] Level 1:colcon.colcon_core.package_identification:_identify(.) by extensions ['ignore', 'ignore_ament_install']
[0.302s] Level 1:colcon.colcon_core.package_identification:_identify(.) by extension 'ignore'
[0.302s] Level 1:colcon.colcon_core.package_identification:_identify(.) by extension 'ignore_ament_install'
[0.302s] Level 1:colcon.colcon_core.package_identification:_identify(.) by extensions ['colcon_pkg']
[0.303s] Level 1:colcon.colcon_core.package_identification:_identify(.) by extension 'colcon_pkg'
[0.303s] Level 1:colcon.colcon_core.package_identification:_identify(.) by extensions ['colcon_meta']
[0.303s] Level 1:colcon.colcon_core.package_identification:_identify(.) by extension 'colcon_meta'
[0.303s] Level 1:colcon.colcon_core.package_identification:_identify(.) by extensions ['ros']
[0.303s] Level 1:colcon.colcon_core.package_identification:_identify(.) by extension 'ros'
[0.333s] Level 1:colcon.colcon_core.package_identification:_identify(.) by extensions ['cmake', 'python']
[0.333s] Level 1:colcon.colcon_core.package_identification:_identify(.) by extension 'cmake'
[0.333s] Level 1:colcon.colcon_core.package_identification:_identify(.) by extension 'python'
[0.333s] Level 1:colcon.colcon_core.package_identification:_identify(.) by extensions ['python_setup_py']
[0.333s] Level 1:colcon.colcon_core.package_identification:_identify(.) by extension 'python_setup_py'
[0.333s] Level 1:colcon.colcon_core.package_identification:_identify(240321_TD1) by extensions ['ignore', 'ignore_ament_install']
[0.333s] Level 1:colcon.colcon_core.package_identification:_identify(240321_TD1) by extension 'ignore'
[0.333s] Level 1:colcon.colcon_core.package_identification:_identify(240321_TD1) by extension 'ignore_ament_install'
[0.333s] Level 1:colcon.colcon_core.package_identification:_identify(240321_TD1) by extensions ['colcon_pkg']
[0.333s] Level 1:colcon.colcon_core.package_identification:_identify(240321_TD1) by extension 'colcon_pkg'
[0.333s] Level 1:colcon.colcon_core.package_identification:_identify(240321_TD1) by extensions ['colcon_meta']
[0.333s] Level 1:colcon.colcon_core.package_identification:_identify(240321_TD1) by extension 'colcon_meta'
[0.333s] Level 1:colcon.colcon_core.package_identification:_identify(240321_TD1) by extensions ['ros']
[0.333s] Level 1:colcon.colcon_core.package_identification:_identify(240321_TD1) by extension 'ros'
[0.333s] Level 1:colcon.colcon_core.package_identification:_identify(240321_TD1) by extensions ['cmake', 'python']
[0.333s] Level 1:colcon.colcon_core.package_identification:_identify(240321_TD1) by extension 'cmake'
[0.334s] Level 1:colcon.colcon_core.package_identification:_identify(240321_TD1) by extension 'python'
[0.334s] Level 1:colcon.colcon_core.package_identification:_identify(240321_TD1) by extensions ['python_setup_py']
[0.334s] Level 1:colcon.colcon_core.package_identification:_identify(240321_TD1) by extension 'python_setup_py'
[0.334s] Level 1:colcon.colcon_core.package_identification:_identify(240321_TD1/correction_td01) by extensions ['ignore', 'ignore_ament_install']
[0.334s] Level 1:colcon.colcon_core.package_identification:_identify(240321_TD1/correction_td01) by extension 'ignore'
[0.334s] Level 1:colcon.colcon_core.package_identification:_identify(240321_TD1/correction_td01) by extension 'ignore_ament_install'
[0.334s] Level 1:colcon.colcon_core.package_identification:_identify(240321_TD1/correction_td01) by extensions ['colcon_pkg']
[0.334s] Level 1:colcon.colcon_core.package_identification:_identify(240321_TD1/correction_td01) by extension 'colcon_pkg'
[0.334s] Level 1:colcon.colcon_core.package_identification:_identify(240321_TD1/correction_td01) by extensions ['colcon_meta']
[0.334s] Level 1:colcon.colcon_core.package_identification:_identify(240321_TD1/correction_td01) by extension 'colcon_meta'
[0.334s] Level 1:colcon.colcon_core.package_identification:_identify(240321_TD1/correction_td01) by extensions ['ros']
[0.334s] Level 1:colcon.colcon_core.package_identification:_identify(240321_TD1/correction_td01) by extension 'ros'
[0.334s] Level 1:colcon.colcon_core.package_identification:_identify(240321_TD1/correction_td01) by extensions ['cmake', 'python']
[0.334s] Level 1:colcon.colcon_core.package_identification:_identify(240321_TD1/correction_td01) by extension 'cmake'
[0.334s] Level 1:colcon.colcon_core.package_identification:_identify(240321_TD1/correction_td01) by extension 'python'
[0.334s] Level 1:colcon.colcon_core.package_identification:_identify(240321_TD1/correction_td01) by extensions ['python_setup_py']
[0.334s] Level 1:colcon.colcon_core.package_identification:_identify(240321_TD1/correction_td01) by extension 'python_setup_py'
[0.334s] Level 1:colcon.colcon_core.package_identification:_identify(240328_TD2) by extensions ['ignore', 'ignore_ament_install']
[0.335s] Level 1:colcon.colcon_core.package_identification:_identify(240328_TD2) by extension 'ignore'
[0.335s] Level 1:colcon.colcon_core.package_identification:_identify(240328_TD2) by extension 'ignore_ament_install'
[0.335s] Level 1:colcon.colcon_core.package_identification:_identify(240328_TD2) by extensions ['colcon_pkg']
[0.335s] Level 1:colcon.colcon_core.package_identification:_identify(240328_TD2) by extension 'colcon_pkg'
[0.335s] Level 1:colcon.colcon_core.package_identification:_identify(240328_TD2) by extensions ['colcon_meta']
[0.335s] Level 1:colcon.colcon_core.package_identification:_identify(240328_TD2) by extension 'colcon_meta'
[0.335s] Level 1:colcon.colcon_core.package_identification:_identify(240328_TD2) by extensions ['ros']
[0.335s] Level 1:colcon.colcon_core.package_identification:_identify(240328_TD2) by extension 'ros'
[0.335s] Level 1:colcon.colcon_core.package_identification:_identify(240328_TD2) by extensions ['cmake', 'python']
[0.335s] Level 1:colcon.colcon_core.package_identification:_identify(240328_TD2) by extension 'cmake'
[0.335s] Level 1:colcon.colcon_core.package_identification:_identify(240328_TD2) by extension 'python'
[0.335s] Level 1:colcon.colcon_core.package_identification:_identify(240328_TD2) by extensions ['python_setup_py']
[0.335s] Level 1:colcon.colcon_core.package_identification:_identify(240328_TD2) by extension 'python_setup_py'
[0.335s] Level 1:colcon.colcon_core.package_identification:_identify(240408_TD3) by extensions ['ignore', 'ignore_ament_install']
[0.335s] Level 1:colcon.colcon_core.package_identification:_identify(240408_TD3) by extension 'ignore'
[0.335s] Level 1:colcon.colcon_core.package_identification:_identify(240408_TD3) by extension 'ignore_ament_install'
[0.335s] Level 1:colcon.colcon_core.package_identification:_identify(240408_TD3) by extensions ['colcon_pkg']
[0.335s] Level 1:colcon.colcon_core.package_identification:_identify(240408_TD3) by extension 'colcon_pkg'
[0.336s] Level 1:colcon.colcon_core.package_identification:_identify(240408_TD3) by extensions ['colcon_meta']
[0.336s] Level 1:colcon.colcon_core.package_identification:_identify(240408_TD3) by extension 'colcon_meta'
[0.336s] Level 1:colcon.colcon_core.package_identification:_identify(240408_TD3) by extensions ['ros']
[0.336s] Level 1:colcon.colcon_core.package_identification:_identify(240408_TD3) by extension 'ros'
[0.336s] Level 1:colcon.colcon_core.package_identification:_identify(240408_TD3) by extensions ['cmake', 'python']
[0.336s] Level 1:colcon.colcon_core.package_identification:_identify(240408_TD3) by extension 'cmake'
[0.336s] Level 1:colcon.colcon_core.package_identification:_identify(240408_TD3) by extension 'python'
[0.336s] Level 1:colcon.colcon_core.package_identification:_identify(240408_TD3) by extensions ['python_setup_py']
[0.336s] Level 1:colcon.colcon_core.package_identification:_identify(240408_TD3) by extension 'python_setup_py'
[0.336s] Level 1:colcon.colcon_core.package_identification:_identify(240408_TD3/LessonA) by extensions ['ignore', 'ignore_ament_install']
[0.336s] Level 1:colcon.colcon_core.package_identification:_identify(240408_TD3/LessonA) by extension 'ignore'
[0.336s] Level 1:colcon.colcon_core.package_identification:_identify(240408_TD3/LessonA) by extension 'ignore_ament_install'
[0.336s] Level 1:colcon.colcon_core.package_identification:_identify(240408_TD3/LessonA) by extensions ['colcon_pkg']
[0.336s] Level 1:colcon.colcon_core.package_identification:_identify(240408_TD3/LessonA) by extension 'colcon_pkg'
[0.336s] Level 1:colcon.colcon_core.package_identification:_identify(240408_TD3/LessonA) by extensions ['colcon_meta']
[0.336s] Level 1:colcon.colcon_core.package_identification:_identify(240408_TD3/LessonA) by extension 'colcon_meta'
[0.336s] Level 1:colcon.colcon_core.package_identification:_identify(240408_TD3/LessonA) by extensions ['ros']
[0.336s] Level 1:colcon.colcon_core.package_identification:_identify(240408_TD3/LessonA) by extension 'ros'
[0.336s] Level 1:colcon.colcon_core.package_identification:_identify(240408_TD3/LessonA) by extensions ['cmake', 'python']
[0.337s] Level 1:colcon.colcon_core.package_identification:_identify(240408_TD3/LessonA) by extension 'cmake'
[0.338s] Level 1:colcon.colcon_core.package_identification:_identify(240408_TD3/LessonA) by extension 'python'
[0.338s] DEBUG:colcon.colcon_core.package_identification:Package '240408_TD3/LessonA' with type 'cmake' and name 'my_project'
[0.338s] Level 1:colcon.colcon_core.package_identification:_identify(240408_TD3/LessonB) by extensions ['ignore', 'ignore_ament_install']
[0.338s] Level 1:colcon.colcon_core.package_identification:_identify(240408_TD3/LessonB) by extension 'ignore'
[0.338s] Level 1:colcon.colcon_core.package_identification:_identify(240408_TD3/LessonB) by extension 'ignore_ament_install'
[0.338s] Level 1:colcon.colcon_core.package_identification:_identify(240408_TD3/LessonB) by extensions ['colcon_pkg']
[0.338s] Level 1:colcon.colcon_core.package_identification:_identify(240408_TD3/LessonB) by extension 'colcon_pkg'
[0.338s] Level 1:colcon.colcon_core.package_identification:_identify(240408_TD3/LessonB) by extensions ['colcon_meta']
[0.338s] Level 1:colcon.colcon_core.package_identification:_identify(240408_TD3/LessonB) by extension 'colcon_meta'
[0.338s] Level 1:colcon.colcon_core.package_identification:_identify(240408_TD3/LessonB) by extensions ['ros']
[0.338s] Level 1:colcon.colcon_core.package_identification:_identify(240408_TD3/LessonB) by extension 'ros'
[0.338s] Level 1:colcon.colcon_core.package_identification:_identify(240408_TD3/LessonB) by extensions ['cmake', 'python']
[0.338s] Level 1:colcon.colcon_core.package_identification:_identify(240408_TD3/LessonB) by extension 'cmake'
[0.339s] Level 1:colcon.colcon_core.package_identification:_identify(240408_TD3/LessonB) by extension 'python'
[0.339s] DEBUG:colcon.colcon_core.package_identification:Package '240408_TD3/LessonB' with type 'cmake' and name 'my_project'
[0.339s] Level 1:colcon.colcon_core.package_identification:_identify(build) by extensions ['ignore', 'ignore_ament_install']
[0.339s] Level 1:colcon.colcon_core.package_identification:_identify(build) by extension 'ignore'
[0.339s] Level 1:colcon.colcon_core.package_identification:_identify(build) ignored
[0.339s] Level 1:colcon.colcon_core.package_identification:_identify(install) by extensions ['ignore', 'ignore_ament_install']
[0.339s] Level 1:colcon.colcon_core.package_identification:_identify(install) by extension 'ignore'
[0.339s] Level 1:colcon.colcon_core.package_identification:_identify(install) ignored
[0.339s] Level 1:colcon.colcon_core.package_identification:_identify(log) by extensions ['ignore', 'ignore_ament_install']
[0.340s] Level 1:colcon.colcon_core.package_identification:_identify(log) by extension 'ignore'
[0.340s] Level 1:colcon.colcon_core.package_identification:_identify(log) ignored
[0.340s] Level 1:colcon.colcon_core.package_discovery:discover_packages(recursive) using defaults
[0.340s] Level 1:colcon.colcon_core.package_discovery:discover_packages(ignore) discover
[0.340s] Level 1:colcon.colcon_core.package_discovery:discover_packages(ignore) using defaults
[0.340s] Level 1:colcon.colcon_core.package_discovery:discover_packages(path) discover
[0.340s] Level 1:colcon.colcon_core.package_discovery:discover_packages(path) using defaults
[0.340s] WARNING:colcon.colcon_core.package_selection:ignoring unknown package 'LessonA' in --packages-select
[0.358s] INFO:colcon.colcon_core.package_selection:Skipping not selected package 'my_project' in '240408_TD3/LessonA'
[0.358s] INFO:colcon.colcon_core.package_selection:Skipping not selected package 'my_project' in '240408_TD3/LessonB'
[0.358s] Level 1:colcon.colcon_core.package_discovery:discover_packages(prefix_path) check parameters
[0.358s] Level 1:colcon.colcon_core.package_discovery:discover_packages(prefix_path) discover
[0.360s] DEBUG:colcon.colcon_installed_package_information.package_discovery:Found 4 installed packages in /home/arne/mystery-machine-ros-2/install
[0.361s] DEBUG:colcon.colcon_installed_package_information.package_discovery:Found 2 installed packages in /home/arne/workspaceTdRos/install
[0.362s] DEBUG:colcon.colcon_installed_package_information.package_discovery:Found 301 installed packages in /opt/ros/humble
[0.363s] Level 1:colcon.colcon_core.package_discovery:discover_packages(prefix_path) using defaults
[0.406s] INFO:colcon.colcon_core.executor:Executing jobs using 'parallel' executor
[0.407s] DEBUG:colcon.colcon_parallel_executor.executor.parallel:run_until_complete
[0.408s] DEBUG:colcon.colcon_parallel_executor.executor.parallel:closing loop
[0.408s] DEBUG:colcon.colcon_parallel_executor.executor.parallel:loop closed
[0.408s] DEBUG:colcon.colcon_parallel_executor.executor.parallel:run_until_complete finished with '0'
[0.408s] DEBUG:colcon.colcon_core.event_reactor:joining thread
[0.423s] INFO:colcon.colcon_core.plugin_system:Skipping extension 'colcon_notification.desktop_notification.terminal_notifier': Not used on non-Darwin systems
[0.424s] INFO:colcon.colcon_core.plugin_system:Skipping extension 'colcon_notification.desktop_notification.win32': Not used on non-Windows systems
[0.424s] INFO:colcon.colcon_notification.desktop_notification:Sending desktop notification using 'notify2'
[0.442s] DEBUG:colcon.colcon_core.event_reactor:joined thread
[0.448s] INFO:colcon.colcon_core.plugin_system:Skipping extension 'colcon_core.shell.bat': Not used on non-Windows systems
[0.448s] INFO:colcon.colcon_core.shell:Creating prefix script '/home/arne/interval/install/local_setup.ps1'
[0.450s] INFO:colcon.colcon_core.shell:Creating prefix util module '/home/arne/interval/install/_local_setup_util_ps1.py'
[0.452s] INFO:colcon.colcon_core.shell:Creating prefix chain script '/home/arne/interval/install/setup.ps1'
[0.455s] INFO:colcon.colcon_core.shell:Creating prefix script '/home/arne/interval/install/local_setup.sh'
[0.456s] INFO:colcon.colcon_core.shell:Creating prefix util module '/home/arne/interval/install/_local_setup_util_sh.py'
[0.456s] INFO:colcon.colcon_core.shell:Creating prefix chain script '/home/arne/interval/install/setup.sh'
[0.458s] INFO:colcon.colcon_core.shell:Creating prefix script '/home/arne/interval/install/local_setup.bash'
[0.459s] INFO:colcon.colcon_core.shell:Creating prefix chain script '/home/arne/interval/install/setup.bash'
[0.461s] INFO:colcon.colcon_core.shell:Creating prefix script '/home/arne/interval/install/local_setup.zsh'
[0.462s] INFO:colcon.colcon_core.shell:Creating prefix chain script '/home/arne/interval/install/setup.zsh'
