Performing C++ SOURCE FILE Test COMPILER_SUPPORTS_FFP_MODE_FULL failed with the following output:
Change Dir: /home/arne/interval/240408_TD3/D/build/CMakeFiles/CMakeTmp

Run Build Command(s):/usr/bin/gmake -f Makefile cmTC_91c7a/fast && /usr/bin/gmake  -f CMakeFiles/cmTC_91c7a.dir/build.make CMakeFiles/cmTC_91c7a.dir/build
gmake[1]: Entering directory '/home/arne/interval/240408_TD3/D/build/CMakeFiles/CMakeTmp'
Building CXX object CMakeFiles/cmTC_91c7a.dir/src.cxx.o
/usr/bin/c++ -DCOMPILER_SUPPORTS_FFP_MODE_FULL  -frounding-math -ffloat-store -fno-fast-math -ffp-contract=off    -ffp-mode=full -std=gnu++17 -o CMakeFiles/cmTC_91c7a.dir/src.cxx.o -c /home/arne/interval/240408_TD3/D/build/CMakeFiles/CMakeTmp/src.cxx
c++: error: unrecognized command-line option '-ffp-mode=full'
gmake[1]: *** [CMakeFiles/cmTC_91c7a.dir/build.make:78: CMakeFiles/cmTC_91c7a.dir/src.cxx.o] Error 1
gmake[1]: Leaving directory '/home/arne/interval/240408_TD3/D/build/CMakeFiles/CMakeTmp'
gmake: *** [Makefile:127: cmTC_91c7a/fast] Error 2


Source file was:
int main() { return 0; }
Performing C++ SOURCE FILE Test COMPILER_SUPPORTS_FP_MODEL_STRICT failed with the following output:
Change Dir: /home/arne/interval/240408_TD3/D/build/CMakeFiles/CMakeTmp

Run Build Command(s):/usr/bin/gmake -f Makefile cmTC_8e8f9/fast && /usr/bin/gmake  -f CMakeFiles/cmTC_8e8f9.dir/build.make CMakeFiles/cmTC_8e8f9.dir/build
gmake[1]: Entering directory '/home/arne/interval/240408_TD3/D/build/CMakeFiles/CMakeTmp'
Building CXX object CMakeFiles/cmTC_8e8f9.dir/src.cxx.o
/usr/bin/c++ -DCOMPILER_SUPPORTS_FP_MODEL_STRICT  -frounding-math -ffloat-store -fno-fast-math -ffp-contract=off    -fp-model=strict -std=gnu++17 -o CMakeFiles/cmTC_8e8f9.dir/src.cxx.o -c /home/arne/interval/240408_TD3/D/build/CMakeFiles/CMakeTmp/src.cxx
c++: error: unrecognized command-line option '-fp-model=strict'
gmake[1]: *** [CMakeFiles/cmTC_8e8f9.dir/build.make:78: CMakeFiles/cmTC_8e8f9.dir/src.cxx.o] Error 1
gmake[1]: Leaving directory '/home/arne/interval/240408_TD3/D/build/CMakeFiles/CMakeTmp'
gmake: *** [Makefile:127: cmTC_8e8f9/fast] Error 2


Source file was:
int main() { return 0; }
Performing C++ SOURCE FILE Test COMPILER_SUPPORTS_FP_STRICT failed with the following output:
Change Dir: /home/arne/interval/240408_TD3/D/build/CMakeFiles/CMakeTmp

Run Build Command(s):/usr/bin/gmake -f Makefile cmTC_9f10d/fast && /usr/bin/gmake  -f CMakeFiles/cmTC_9f10d.dir/build.make CMakeFiles/cmTC_9f10d.dir/build
gmake[1]: Entering directory '/home/arne/interval/240408_TD3/D/build/CMakeFiles/CMakeTmp'
Building CXX object CMakeFiles/cmTC_9f10d.dir/src.cxx.o
/usr/bin/c++ -DCOMPILER_SUPPORTS_FP_STRICT  -frounding-math -ffloat-store -fno-fast-math -ffp-contract=off    -fp:strict -std=gnu++17 -o CMakeFiles/cmTC_9f10d.dir/src.cxx.o -c /home/arne/interval/240408_TD3/D/build/CMakeFiles/CMakeTmp/src.cxx
c++: error: unrecognized command-line option '-fp:strict'; did you mean '-Wrestrict'?
gmake[1]: *** [CMakeFiles/cmTC_9f10d.dir/build.make:78: CMakeFiles/cmTC_9f10d.dir/src.cxx.o] Error 1
gmake[1]: Leaving directory '/home/arne/interval/240408_TD3/D/build/CMakeFiles/CMakeTmp'
gmake: *** [Makefile:127: cmTC_9f10d/fast] Error 2


Source file was:
int main() { return 0; }
